<?xml version="1.0" encoding="UTF-8"?>
<!-- Generated by org.testng.reporters.JUnitXMLReporter -->
<testsuite hostname="User-PC" ignored="2" name="startTesting" tests="3" failures="1" timestamp="2020-08-19T04:34:31 EET" time="17.7" errors="0">
  <testcase name="changeCurrency" time="2.656" classname="testcases.ChangeCurrency"/>
  <testcase name="sendcontactusdata" time="5.853" classname="testcases.ContactUS"/>
  <testcase name="searchItems" time="5.199" classname="testcases.ChangeCurrency">
    <failure type="java.lang.AssertionError" message="expected [true] but found [false]">
      <![CDATA[java.lang.AssertionError: expected [true] but found [false]
at testcases.ChangeCurrency.searchItems(ChangeCurrency.java:33)
at java.util.ArrayList.forEach(Unknown Source)
... Removed 31 stack frames]]>
    </failure>
  </testcase> <!-- searchItems -->
  <testcase name="@AfterSuite CloseDriver" time="0.0" classname="testcases.TestBase">
    <ignored/>
  </testcase> <!-- @AfterSuite CloseDriver -->
  <testcase name="@BeforeSuite startDriver" time="0.0" classname="testcases.TestBase">
    <ignored/>
  </testcase> <!-- @BeforeSuite startDriver -->
</testsuite> <!-- startTesting -->
