<?xml version="1.0" encoding="UTF-8"?>
<!-- Generated by org.testng.reporters.JUnitXMLReporter -->
<testsuite hostname="User-PC" ignored="2" name="startTesting" tests="3" failures="0" timestamp="2020-08-19T06:36:33 EET" time="15.884" errors="0">
  <testcase name="changeCurrency" time="2.937" classname="testcases.ChangeCurrency"/>
  <testcase name="sendcontactusdata" time="5.958" classname="testcases.ContactUS"/>
  <testcase name="searchItems" time="3.969" classname="testcases.ChangeCurrency"/>
  <testcase name="@AfterSuite CloseDriver" time="0.0" classname="testcases.TestBase">
    <ignored/>
  </testcase> <!-- @AfterSuite CloseDriver -->
  <testcase name="@BeforeSuite startDriver" time="0.0" classname="testcases.TestBase">
    <ignored/>
  </testcase> <!-- @BeforeSuite startDriver -->
</testsuite> <!-- startTesting -->
