<?xml version="1.0" encoding="UTF-8"?>
<testng-results skipped="0" failed="0" ignored="0" total="2" passed="2">
  <reporter-output>
  </reporter-output>
  <suite name="Default suite" duration-ms="9232" started-at="2020-08-19T06:37:06 EET" finished-at="2020-08-19T06:37:16 EET">
    <groups>
      <group name="cucumber">
        <method signature="AbstractTestNGCucumberTests.runScenario(io.cucumber.testng.PickleWrapper, io.cucumber.testng.FeatureWrapper)[pri:0, instance:testcases.ChangeCurrency@305b7c14]" name="runScenario" class="io.cucumber.testng.AbstractTestNGCucumberTests"/>
      </group> <!-- cucumber -->
    </groups>
    <test name="Default test" duration-ms="9232" started-at="2020-08-19T06:37:06 EET" finished-at="2020-08-19T06:37:16 EET">
      <class name="testcases.ChangeCurrency">
        <test-method status="PASS" signature="startDriver(java.lang.String)[pri:0, instance:testcases.ChangeCurrency@305b7c14]" name="startDriver" is-config="true" duration-ms="12274" started-at="2020-08-19T06:36:54 EET" finished-at="2020-08-19T06:37:06 EET">
          <params>
            <param index="0">
              <value>
                <![CDATA[firefox]]>
              </value>
            </param>
          </params>
          <reporter-output>
          </reporter-output>
        </test-method> <!-- startDriver -->
        <test-method status="PASS" signature="setUpClass()[pri:0, instance:testcases.ChangeCurrency@305b7c14]" name="setUpClass" is-config="true" duration-ms="338" started-at="2020-08-19T06:37:06 EET" finished-at="2020-08-19T06:37:07 EET">
          <reporter-output>
          </reporter-output>
        </test-method> <!-- setUpClass -->
        <test-method status="PASS" signature="changeCurrency()[pri:0, instance:testcases.ChangeCurrency@305b7c14]" name="changeCurrency" duration-ms="2089" started-at="2020-08-19T06:37:07 EET" finished-at="2020-08-19T06:37:09 EET">
          <reporter-output>
          </reporter-output>
        </test-method> <!-- changeCurrency -->
        <test-method status="PASS" signature="screenshootonfailure(org.testng.ITestResult)[pri:0, instance:testcases.ChangeCurrency@305b7c14]" name="screenshootonfailure" is-config="true" duration-ms="2" started-at="2020-08-19T06:37:09 EET" finished-at="2020-08-19T06:37:09 EET">
          <params>
            <param index="0">
              <value>
                <![CDATA[[TestResult name=changeCurrency status=SUCCESS method=ChangeCurrency.changeCurrency()[pri:0, instance:testcases.ChangeCurrency@305b7c14] output={null}]]]>
              </value>
            </param>
          </params>
          <reporter-output>
          </reporter-output>
        </test-method> <!-- screenshootonfailure -->
        <test-method status="PASS" signature="searchItems()[pri:2, instance:testcases.ChangeCurrency@305b7c14]" name="searchItems" duration-ms="5057" started-at="2020-08-19T06:37:09 EET" finished-at="2020-08-19T06:37:14 EET">
          <reporter-output>
          </reporter-output>
        </test-method> <!-- searchItems -->
        <test-method status="PASS" signature="screenshootonfailure(org.testng.ITestResult)[pri:0, instance:testcases.ChangeCurrency@305b7c14]" name="screenshootonfailure" is-config="true" duration-ms="1" started-at="2020-08-19T06:37:14 EET" finished-at="2020-08-19T06:37:14 EET">
          <params>
            <param index="0">
              <value>
                <![CDATA[[TestResult name=searchItems status=SUCCESS method=ChangeCurrency.searchItems()[pri:2, instance:testcases.ChangeCurrency@305b7c14] output={null}]]]>
              </value>
            </param>
          </params>
          <reporter-output>
          </reporter-output>
        </test-method> <!-- screenshootonfailure -->
        <test-method status="PASS" signature="navigateToHome()[pri:0, instance:testcases.ChangeCurrency@305b7c14]" name="navigateToHome" is-config="true" duration-ms="1653" started-at="2020-08-19T06:37:14 EET" finished-at="2020-08-19T06:37:16 EET">
          <reporter-output>
          </reporter-output>
        </test-method> <!-- navigateToHome -->
        <test-method status="PASS" signature="tearDownClass()[pri:0, instance:testcases.ChangeCurrency@305b7c14]" name="tearDownClass" is-config="true" duration-ms="16" started-at="2020-08-19T06:37:16 EET" finished-at="2020-08-19T06:37:16 EET">
          <reporter-output>
          </reporter-output>
        </test-method> <!-- tearDownClass -->
        <test-method status="PASS" signature="CloseDriver()[pri:0, instance:testcases.ChangeCurrency@305b7c14]" name="CloseDriver" is-config="true" duration-ms="1" started-at="2020-08-19T06:37:16 EET" finished-at="2020-08-19T06:37:16 EET">
          <reporter-output>
          </reporter-output>
        </test-method> <!-- CloseDriver -->
      </class> <!-- testcases.ChangeCurrency -->
    </test> <!-- Default test -->
  </suite> <!-- Default suite -->
</testng-results>
